<?xml version="1.0" encoding="UTF-8"?>
<!-- Generated by org.testng.reporters.JUnitXMLReporter -->
<testsuite ignored="3" hostname="DESKTOP-U2PLED1" failures="0" tests="0" time="0.002" errors="0" timestamp="2024-12-01T10:08:11 PKT">
  <testcase classname="TestNgFramework.diff_module2" name="apiapplicationloan" time="0.0">
    <ignored/>
  </testcase> <!-- apiapplicationloan -->
  <testcase classname="TestNgFramework.diff_module2" name="mobileapplicationloan" time="0.0">
    <ignored/>
  </testcase> <!-- mobileapplicationloan -->
  <testcase classname="TestNgFramework.diff_module2" name="webapplicationloan" time="0.0">
    <ignored/>
  </testcase> <!-- webapplicationloan -->
</testsuite>
