<?xml version="1.0" encoding="UTF-8"?>
<!-- Generated by org.testng.reporters.JUnitXMLReporter -->
<testsuite ignored="0" hostname="DESKTOP-U2PLED1" failures="1" tests="6" name="Test" time="0.187" errors="0" timestamp="2024-11-04T23:59:48 PKT">
  <testcase classname="TestNgFramework.TestNg_Basic" name="gotoGoogle" time="0.032">
    <failure type="java.lang.AssertionError" message="expected [true] but found [false]">
      <![CDATA[java.lang.AssertionError: expected [true] but found [false]
at TestNgFramework.TestNg_Basic.gotoGoogle(TestNg_Basic.java:11)
at java.base/java.util.ArrayList.forEach(ArrayList.java:1596)
... Removed 29 stack frames]]>
    </failure>
  </testcase> <!-- gotoGoogle -->
  <testcase classname="TestNgFramework.TestNg_Basic2" name="gotoSignin" time="0.008"/>
  <testcase classname="TestNgFramework.TestNg_Basic2" name="gotosignout" time="0.004"/>
  <testcase classname="TestNgFramework.diff_module" name="apiapplicationdemo" time="0.003"/>
  <testcase classname="TestNgFramework.diff_module" name="mobileapplicationdemo" time="0.003"/>
  <testcase classname="TestNgFramework.diff_module" name="webapplicationdemo" time="0.003"/>
</testsuite> <!-- Test -->
