<?xml version="1.0" encoding="UTF-8"?>
<!-- Generated by org.testng.reporters.JUnitXMLReporter -->
<testsuite ignored="0" hostname="DESKTOP-U2PLED1" failures="1" tests="9" name="Test" time="0.173" errors="0" timestamp="2024-12-01T10:08:11 PKT">
  <testcase classname="TestNgFramework.TestNg_Basic" name="data" time="0.015"/>
  <testcase classname="TestNgFramework.TestNg_Basic" name="data" time="0.009"/>
  <testcase classname="TestNgFramework.TestNg_Basic" name="data" time="0.006"/>
  <testcase classname="TestNgFramework.TestNg_Basic" name="gotoGoogle" time="0.015">
    <failure type="java.lang.AssertionError" message="expected [true] but found [false]">
      <![CDATA[java.lang.AssertionError: expected [true] but found [false]
at TestNgFramework.TestNg_Basic.gotoGoogle(TestNg_Basic.java:12)
at java.base/java.util.ArrayList.forEach(ArrayList.java:1596)
... Removed 29 stack frames]]>
    </failure>
  </testcase> <!-- gotoGoogle -->
  <testcase classname="TestNgFramework.TestNg_Basic2" name="gotoSignin" time="0.004"/>
  <testcase classname="TestNgFramework.TestNg_Basic2" name="gotosignout" time="0.002"/>
  <testcase classname="TestNgFramework.diff_module" name="apiapplicationdemo" time="0.002"/>
  <testcase classname="TestNgFramework.diff_module" name="mobileapplicationdemo" time="0.002"/>
  <testcase classname="TestNgFramework.diff_module" name="webapplicationdemo" time="0.004"/>
</testsuite> <!-- Test -->
