<?xml version="1.0" encoding="UTF-8"?>
<testng-results ignored="0" total="9" passed="8" failed="1" skipped="0">
  <reporter-output>
  </reporter-output>
  <suite started-at="2024-12-01T10:08:10 PKT" name="University_regForm" finished-at="2024-12-01T10:08:11 PKT" duration-ms="294">
    <groups>
      <group name="sanity">
        <method signature="TestNg_Basic.gotoGoogle()[pri:0, instance:TestNgFramework.TestNg_Basic@1b7cc17c]" name="gotoGoogle" class="TestNgFramework.TestNg_Basic"/>
        <method signature="TestNg_Basic2.gotoSignin(java.lang.String,java.lang.String)[pri:0, instance:TestNgFramework.TestNg_Basic2@747ddf94]" name="gotoSignin" class="TestNgFramework.TestNg_Basic2"/>
      </group> <!-- sanity -->
    </groups>
    <test started-at="2024-12-01T10:08:10 PKT" name="Test" finished-at="2024-12-01T10:08:10 PKT" duration-ms="173">
      <class name="TestNgFramework.TestNg_Basic">
        <test-method signature="data(java.lang.String,java.lang.String)[pri:0, instance:TestNgFramework.TestNg_Basic@1b7cc17c]" started-at="2024-12-01T10:08:10 PKT" name="data" data-provider="getdata" finished-at="2024-12-01T10:08:10 PKT" duration-ms="15" status="PASS">
          <params>
            <param index="0">
              <value>
                <![CDATA[firstusername]]>
              </value>
            </param>
            <param index="1">
              <value>
                <![CDATA[first address]]>
              </value>
            </param>
          </params>
          <reporter-output>
          </reporter-output>
        </test-method> <!-- data -->
        <test-method signature="data(java.lang.String,java.lang.String)[pri:0, instance:TestNgFramework.TestNg_Basic@1b7cc17c]" started-at="2024-12-01T10:08:10 PKT" name="data" data-provider="getdata" finished-at="2024-12-01T10:08:10 PKT" duration-ms="9" status="PASS">
          <params>
            <param index="0">
              <value>
                <![CDATA[secondname]]>
              </value>
            </param>
            <param index="1">
              <value>
                <![CDATA[secondaddress]]>
              </value>
            </param>
          </params>
          <reporter-output>
          </reporter-output>
        </test-method> <!-- data -->
        <test-method signature="data(java.lang.String,java.lang.String)[pri:0, instance:TestNgFramework.TestNg_Basic@1b7cc17c]" started-at="2024-12-01T10:08:10 PKT" name="data" data-provider="getdata" finished-at="2024-12-01T10:08:10 PKT" duration-ms="6" status="PASS">
          <params>
            <param index="0">
              <value>
                <![CDATA[thirdname]]>
              </value>
            </param>
            <param index="1">
              <value>
                <![CDATA[thirdaddress]]>
              </value>
            </param>
          </params>
          <reporter-output>
          </reporter-output>
        </test-method> <!-- data -->
        <test-method signature="gotoGoogle()[pri:0, instance:TestNgFramework.TestNg_Basic@1b7cc17c]" started-at="2024-12-01T10:08:10 PKT" name="gotoGoogle" finished-at="2024-12-01T10:08:10 PKT" duration-ms="15" status="FAIL">
          <exception class="java.lang.AssertionError">
            <message>
              <![CDATA[expected [true] but found [false]]]>
            </message>
            <full-stacktrace>
              <![CDATA[java.lang.AssertionError: expected [true] but found [false]
at org.testng.Assert.fail(Assert.java:111)
at org.testng.Assert.failNotEquals(Assert.java:1578)
at org.testng.Assert.assertTrue(Assert.java:57)
at org.testng.Assert.assertTrue(Assert.java:67)
at TestNgFramework.TestNg_Basic.gotoGoogle(TestNg_Basic.java:12)
at java.base/jdk.internal.reflect.DirectMethodHandleAccessor.invoke(DirectMethodHandleAccessor.java:103)
at java.base/java.lang.reflect.Method.invoke(Method.java:580)
at org.testng.internal.invokers.MethodInvocationHelper.invokeMethod(MethodInvocationHelper.java:141)
at org.testng.internal.invokers.TestInvoker.invokeMethod(TestInvoker.java:686)
at org.testng.internal.invokers.TestInvoker.invokeTestMethod(TestInvoker.java:230)
at org.testng.internal.invokers.MethodRunner.runInSequence(MethodRunner.java:63)
at org.testng.internal.invokers.TestInvoker$MethodInvocationAgent.invoke(TestInvoker.java:992)
at org.testng.internal.invokers.TestInvoker.invokeTestMethods(TestInvoker.java:203)
at org.testng.internal.invokers.TestMethodWorker.invokeTestMethods(TestMethodWorker.java:154)
at org.testng.internal.invokers.TestMethodWorker.run(TestMethodWorker.java:134)
at java.base/java.util.ArrayList.forEach(ArrayList.java:1596)
at org.testng.TestRunner.privateRun(TestRunner.java:739)
at org.testng.TestRunner.run(TestRunner.java:614)
at org.testng.SuiteRunner.runTest(SuiteRunner.java:421)
at org.testng.SuiteRunner.runSequentially(SuiteRunner.java:413)
at org.testng.SuiteRunner.privateRun(SuiteRunner.java:373)
at org.testng.SuiteRunner.run(SuiteRunner.java:312)
at org.testng.SuiteRunnerWorker.runSuite(SuiteRunnerWorker.java:52)
at org.testng.SuiteRunnerWorker.run(SuiteRunnerWorker.java:95)
at org.testng.TestNG.runSuitesSequentially(TestNG.java:1274)
at org.testng.TestNG.runSuitesLocally(TestNG.java:1208)
at org.testng.TestNG.runSuites(TestNG.java:1112)
at org.testng.TestNG.run(TestNG.java:1079)
at org.testng.remote.AbstractRemoteTestNG.run(AbstractRemoteTestNG.java:115)
at org.testng.remote.RemoteTestNG.initAndRun(RemoteTestNG.java:293)
at org.testng.remote.RemoteTestNG.main(RemoteTestNG.java:91)
]]>
            </full-stacktrace>
          </exception> <!-- java.lang.AssertionError -->
          <reporter-output>
          </reporter-output>
        </test-method> <!-- gotoGoogle -->
      </class> <!-- TestNgFramework.TestNg_Basic -->
      <class name="TestNgFramework.diff_module">
        <test-method is-config="true" signature="firstexecution()[pri:0, instance:TestNgFramework.diff_module@639c2c1d]" started-at="2024-12-01T10:08:10 PKT" name="firstexecution" finished-at="2024-12-01T10:08:10 PKT" duration-ms="1" status="PASS">
          <reporter-output>
          </reporter-output>
        </test-method> <!-- firstexecution -->
        <test-method is-config="true" signature="everymethod()[pri:0, instance:TestNgFramework.diff_module@639c2c1d]" started-at="2024-12-01T10:08:10 PKT" name="everymethod" finished-at="2024-12-01T10:08:10 PKT" duration-ms="1" status="PASS">
          <reporter-output>
          </reporter-output>
        </test-method> <!-- everymethod -->
        <test-method signature="apiapplicationdemo()[pri:0, instance:TestNgFramework.diff_module@639c2c1d]" started-at="2024-12-01T10:08:10 PKT" name="apiapplicationdemo" finished-at="2024-12-01T10:08:10 PKT" duration-ms="2" status="PASS">
          <reporter-output>
          </reporter-output>
        </test-method> <!-- apiapplicationdemo -->
        <test-method is-config="true" signature="everymethod()[pri:0, instance:TestNgFramework.diff_module@639c2c1d]" started-at="2024-12-01T10:08:10 PKT" name="everymethod" finished-at="2024-12-01T10:08:10 PKT" duration-ms="1" status="PASS">
          <reporter-output>
          </reporter-output>
        </test-method> <!-- everymethod -->
        <test-method signature="mobileapplicationdemo()[pri:0, instance:TestNgFramework.diff_module@639c2c1d]" started-at="2024-12-01T10:08:10 PKT" name="mobileapplicationdemo" finished-at="2024-12-01T10:08:10 PKT" duration-ms="2" status="PASS">
          <reporter-output>
          </reporter-output>
        </test-method> <!-- mobileapplicationdemo -->
        <test-method is-config="true" signature="everymethod()[pri:0, instance:TestNgFramework.diff_module@639c2c1d]" started-at="2024-12-01T10:08:10 PKT" name="everymethod" finished-at="2024-12-01T10:08:10 PKT" duration-ms="1" status="PASS">
          <reporter-output>
          </reporter-output>
        </test-method> <!-- everymethod -->
        <test-method signature="webapplicationdemo()[pri:0, instance:TestNgFramework.diff_module@639c2c1d]" started-at="2024-12-01T10:08:10 PKT" name="webapplicationdemo" finished-at="2024-12-01T10:08:10 PKT" duration-ms="4" status="PASS">
          <reporter-output>
          </reporter-output>
        </test-method> <!-- webapplicationdemo -->
        <test-method is-config="true" signature="lastexecution()[pri:0, instance:TestNgFramework.diff_module@639c2c1d]" started-at="2024-12-01T10:08:10 PKT" name="lastexecution" finished-at="2024-12-01T10:08:10 PKT" duration-ms="1" status="PASS">
          <reporter-output>
          </reporter-output>
        </test-method> <!-- lastexecution -->
      </class> <!-- TestNgFramework.diff_module -->
      <class name="TestNgFramework.TestNg_Basic2">
        <test-method signature="gotoSignin(java.lang.String,java.lang.String)[pri:0, instance:TestNgFramework.TestNg_Basic2@747ddf94]" started-at="2024-12-01T10:08:10 PKT" name="gotoSignin" finished-at="2024-12-01T10:08:10 PKT" duration-ms="4" status="PASS">
          <params>
            <param index="0">
              <value>
                <![CDATA[markx.com]]>
              </value>
            </param>
            <param index="1">
              <value>
                <![CDATA[markx3.com]]>
              </value>
            </param>
          </params>
          <reporter-output>
          </reporter-output>
        </test-method> <!-- gotoSignin -->
        <test-method signature="gotosignout()[pri:0, instance:TestNgFramework.TestNg_Basic2@747ddf94]" started-at="2024-12-01T10:08:10 PKT" name="gotosignout" finished-at="2024-12-01T10:08:10 PKT" duration-ms="2" status="PASS">
          <reporter-output>
          </reporter-output>
        </test-method> <!-- gotosignout -->
      </class> <!-- TestNgFramework.TestNg_Basic2 -->
    </test> <!-- Test -->
    <test started-at="2024-12-01T10:08:11 PKT" name="loanApplication" finished-at="2024-12-01T10:08:11 PKT" duration-ms="2">
      <class name="TestNgFramework.diff_module">
        <test-method is-config="true" signature="execute()[pri:0, instance:TestNgFramework.diff_module@639c2c1d]" started-at="2024-12-01T10:08:10 PKT" name="execute" finished-at="2024-12-01T10:08:10 PKT" duration-ms="18" status="PASS">
          <reporter-output>
          </reporter-output>
        </test-method> <!-- execute -->
      </class> <!-- TestNgFramework.diff_module -->
      <class name="TestNgFramework.diff_module2">
        <test-method is-config="true" signature="lastrun()[pri:0, instance:TestNgFramework.diff_module2@6ed3ccb2]" started-at="2024-12-01T10:08:11 PKT" name="lastrun" finished-at="2024-12-01T10:08:11 PKT" duration-ms="2" status="PASS">
          <reporter-output>
          </reporter-output>
        </test-method> <!-- lastrun -->
      </class> <!-- TestNgFramework.diff_module2 -->
    </test> <!-- loanApplication -->
  </suite> <!-- University_regForm -->
</testng-results>
